<?xml version="1.0" encoding="UTF-8"?>
<!-- Generated by org.testng.reporters.JUnitReportReporter -->
<testsuite skipped="0" hostname="Sunatullos-MacBook-Pro.local" name="com.extentreports.ExtentTester" tests="1" failures="0" timestamp="23 Jul 2017 23:03:02 GMT" time="0.224" errors="0">
  <testcase name="test1" time="0.224" classname="com.extentreports.ExtentTester"/>
</testsuite> <!-- com.extentreports.ExtentTester -->
