<?xml version="1.0" encoding="UTF-8"?>
<!-- Generated by org.testng.reporters.JUnitReportReporter -->
<testsuite skipped="0" hostname="Sunatullos-MacBook-Pro.local" name="ExtentReportExample" tests="1" failures="0" timestamp="23 Jul 2017 21:48:54 GMT" time="0.364" errors="0">
  <testcase name="htmlReport" time="0.364" classname="ExtentReportExample"/>
</testsuite> <!-- ExtentReportExample -->
