<?xml version="1.0" encoding="UTF-8"?>
<!-- Generated by org.testng.reporters.JUnitReportReporter -->
<testsuite skipped="0" hostname="Sunatullos-MacBook-Pro.local" name="com.extentreports.ExtentReportExample" tests="1" failures="0" timestamp="14 Aug 2017 18:23:10 GMT" time="0.484" errors="0">
  <testcase name="htmlReport" time="0.484" classname="com.extentreports.ExtentReportExample"/>
</testsuite> <!-- com.extentreports.ExtentReportExample -->
